{"C:\\Users\\Dell\\Documents\\GitHub\\JavascriptCapstone\\src\\modules\\countComments.js": {"path":"C:\\Users\\Dell\\Documents\\GitHub\\JavascriptCapstone\\src\\modules\\countComments.js","statementMap":{"0":{"start":{"line":1,"column":22},"end":{"line":4,"column":1}},"1":{"start":{"line":2,"column":22},"end":{"line":2,"column":73}},"2":{"start":{"line":3,"column":2},"end":{"line":3,"column":21}}},"fnMap":{"0":{"name":"(anonymous_0)","decl":{"start":{"line":1,"column":22},"end":{"line":1,"column":23}},"loc":{"start":{"line":1,"column":28},"end":{"line":4,"column":1}},"line":1}},"branchMap":{},"s":{"0":1,"1":1,"2":1},"f":{"0":1},"b":{},"_coverageSchema":"1a1c01bbd47fc00a2c39e90264f33305004495a9","hash":"326a5d6e21031ef3b8e5a13b59bd7230d8320708"}
,"C:\\Users\\Dell\\Documents\\GitHub\\JavascriptCapstone\\src\\modules\\counts.js": {"path":"C:\\Users\\Dell\\Documents\\GitHub\\JavascriptCapstone\\src\\modules\\counts.js","statementMap":{"0":{"start":{"line":1,"column":19},"end":{"line":5,"column":1}},"1":{"start":{"line":2,"column":18},"end":{"line":2,"column":52}},"2":{"start":{"line":3,"column":16},"end":{"line":3,"column":30}},"3":{"start":{"line":4,"column":2},"end":{"line":4,"column":15}}},"fnMap":{"0":{"name":"(anonymous_0)","decl":{"start":{"line":1,"column":19},"end":{"line":1,"column":20}},"loc":{"start":{"line":1,"column":25},"end":{"line":5,"column":1}},"line":1}},"branchMap":{},"s":{"0":1,"1":1,"2":1,"3":1},"f":{"0":1},"b":{},"_coverageSchema":"1a1c01bbd47fc00a2c39e90264f33305004495a9","hash":"f87b1bc86d7b23b32a4e66407be8d281b1e88cc8"}
}
